Log file open, 04/26/20 02:42:40
LogWindows: Failed to load 'aqProf.dll' (GetLastError=126)
LogWindows: File 'aqProf.dll' does not exist
LogWindows: Failed to load 'VtuneApi.dll' (GetLastError=126)
LogWindows: File 'VtuneApi.dll' does not exist
LogWindows: Failed to load 'VtuneApi32e.dll' (GetLastError=126)
LogWindows: File 'VtuneApi32e.dll' does not exist
LogConsoleResponse: Display: Failed to find resolution value strings in scalability ini. Falling back to default.
LogInit: Display: Running engine for game: ProjOfLocations
LogPlatformFile: Not using cached read wrapper
LogTaskGraph: Started task graph with 5 named threads and 14 total threads with 3 sets of task threads.
LogStats: Stats thread started at 0.049601
LogD3D11RHI: Loaded GFSDK_Aftermath_Lib.x64.dll
LogICUInternationalization: ICU TimeZone Detection - Raw Offset: +3:00, Platform Override: ''
LogPluginManager: Mounting plugin Paper2D
LogPluginManager: Mounting plugin AISupport
LogPluginManager: Mounting plugin LightPropagationVolume
LogPluginManager: Mounting plugin ActorLayerUtilities
LogPluginManager: Mounting plugin AnimationSharing
LogPluginManager: Mounting plugin CLionSourceCodeAccess
LogPluginManager: Mounting plugin CodeLiteSourceCodeAccess
LogPluginManager: Mounting plugin GitSourceControl
LogPluginManager: Mounting plugin KDevelopSourceCodeAccess
LogPluginManager: Mounting plugin NullSourceCodeAccess
LogPluginManager: Mounting plugin PerforceSourceControl
LogPluginManager: Mounting plugin PlasticSourceControl
LogPluginManager: Mounting plugin SubversionSourceControl
LogPluginManager: Mounting plugin UObjectPlugin
LogPluginManager: Mounting plugin VisualStudioCodeSourceCodeAccess
LogPluginManager: Mounting plugin VisualStudioSourceCodeAccess
LogPluginManager: Mounting plugin XCodeSourceCodeAccess
LogPluginManager: Mounting plugin AssetManagerEditor
LogPluginManager: Mounting plugin CryptoKeys
LogPluginManager: Mounting plugin CurveEditorTools
LogPluginManager: Mounting plugin DataValidation
LogPluginManager: Mounting plugin FacialAnimation
LogPluginManager: Mounting plugin GameplayTagsEditor
LogPluginManager: Mounting plugin MacGraphicsSwitching
LogPluginManager: Mounting plugin MaterialAnalyzer
LogPluginManager: Mounting plugin MobileLauncherProfileWizard
LogPluginManager: Mounting plugin PluginBrowser
LogPluginManager: Mounting plugin SpeedTreeImporter
LogPluginManager: Mounting plugin DatasmithContent
LogPluginManager: Mounting plugin VariantManagerContent
LogPluginManager: Mounting plugin AlembicImporter
LogPluginManager: Mounting plugin AutomationUtils
LogPluginManager: Mounting plugin BackChannel
LogPluginManager: Mounting plugin CharacterAI
LogPluginManager: Mounting plugin GeometryCache
LogPluginManager: Mounting plugin PlatformCrypto
LogPluginManager: Mounting plugin ProxyLODPlugin
LogPluginManager: Mounting plugin SkeletalReduction
LogPluginManager: Mounting plugin MagicLeap
LogPluginManager: Mounting plugin MagicLeapMedia
LogPluginManager: Mounting plugin MLSDK
LogPluginManager: Mounting plugin AndroidMedia
LogPluginManager: Mounting plugin AvfMedia
LogPluginManager: Mounting plugin ImgMedia
LogPluginManager: Mounting plugin MediaCompositing
LogPluginManager: Mounting plugin MediaPlayerEditor
LogPluginManager: Mounting plugin WebMMedia
LogPluginManager: Mounting plugin WmfMedia
LogPluginManager: Mounting plugin TcpMessaging
LogPluginManager: Mounting plugin UdpMessaging
LogPluginManager: Mounting plugin ActorSequence
LogPluginManager: Mounting plugin LevelSequenceEditor
LogPluginManager: Mounting plugin MatineeToLevelSequence
LogPluginManager: Mounting plugin NetcodeUnitTest
LogPluginManager: Mounting plugin NUTUnrealEngine4
LogPluginManager: Mounting plugin OnlineSubsystemGooglePlay
LogPluginManager: Mounting plugin OnlineSubsystemIOS
LogPluginManager: Mounting plugin OnlineSubsystem
LogPluginManager: Mounting plugin OnlineSubsystemNull
LogPluginManager: Mounting plugin OnlineSubsystemUtils
LogPluginManager: Mounting plugin LauncherChunkInstaller
LogPluginManager: Mounting plugin AndroidDeviceProfileSelector
LogPluginManager: Mounting plugin AndroidMoviePlayer
LogPluginManager: Mounting plugin AndroidPermission
LogPluginManager: Mounting plugin AppleImageUtils
LogPluginManager: Mounting plugin AppleMoviePlayer
LogPluginManager: Mounting plugin ArchVisCharacter
LogPluginManager: Mounting plugin AssetTags
LogPluginManager: Mounting plugin AudioCapture
LogPluginManager: Mounting plugin CableComponent
LogPluginManager: Mounting plugin CustomMeshComponent
LogPluginManager: Mounting plugin EditableMesh
LogPluginManager: Mounting plugin ExampleDeviceProfileSelector
LogPluginManager: Mounting plugin GoogleCloudMessaging
LogPluginManager: Mounting plugin IOSDeviceProfileSelector
LogPluginManager: Mounting plugin LinuxDeviceProfileSelector
LogPluginManager: Mounting plugin LocationServicesBPLibrary
LogPluginManager: Mounting plugin MobilePatchingUtils
LogPluginManager: Mounting plugin OculusVR
LogPluginManager: Mounting plugin PhysXVehicles
LogPluginManager: Mounting plugin PostSplashScreen
LogPluginManager: Mounting plugin ProceduralMeshComponent
LogPluginManager: Mounting plugin RuntimePhysXCooking
LogPluginManager: Mounting plugin SignificanceManager
LogPluginManager: Mounting plugin SteamVR
LogPluginManager: Mounting plugin WebMMoviePlayer
LogPluginManager: Mounting plugin WindowsMoviePlayer
LogPluginManager: Mounting plugin ScreenshotTools
LogInit: Using libcurl 7.55.1-DEV
LogInit:  - built for x86_64-pc-win32
LogInit:  - supports SSL with OpenSSL/1.1.1
LogInit:  - supports HTTP deflate (compression) using libz 1.2.8
LogInit:  - other features:
LogInit:      CURL_VERSION_SSL
LogInit:      CURL_VERSION_LIBZ
LogInit:      CURL_VERSION_IPV6
LogInit:      CURL_VERSION_ASYNCHDNS
LogInit:      CURL_VERSION_LARGEFILE
LogInit:      CURL_VERSION_IDN
LogInit:  CurlRequestOptions (configurable via config and command line):
LogInit:  - bVerifyPeer = true  - Libcurl will verify peer certificate
LogInit:  - bUseHttpProxy = false  - Libcurl will NOT use HTTP proxy
LogInit:  - bDontReuseConnections = false  - Libcurl will reuse connections
LogInit:  - MaxHostConnections = 16  - Libcurl will limit the number of connections to a host
LogInit:  - LocalHostAddr = Default
LogInit:  - BufferSize = 65536
LogOnline: OSS: Creating online subsystem instance for: NULL
LogInit: WinSock: version 1.1 (2.2), MaxSocks=32767, MaxUdp=65467
LogOnline: OSS: TryLoadSubsystemAndSetDefault: Loaded subsystem for module [NULL]
LogInit: Build: ++UE4+Release-4.24-CL-11590370
LogInit: Engine Version: 4.24.3-11590370+++UE4+Release-4.24
LogInit: Compatible Engine Version: 4.24.0-10570792+++UE4+Release-4.24
LogInit: Net CL: 10570792
LogInit: OS: Windows 8.1 (), CPU: Intel(R) Core(TM) i5-4690 CPU @ 3.50GHz, GPU: NVIDIA GeForce GTX 1050 Ti
LogInit: Compiled (64-bit): Feb 24 2020 15:39:18
LogInit: Compiled with Visual C++: 19.16.27032.01
LogInit: Build Configuration: Development
LogInit: Branch Name: ++UE4+Release-4.24
LogInit: Command Line: 
LogInit: Base Directory: C:/D/UE_4.24/Engine/Binaries/Win64/
LogInit: Installed Engine Build: 1
LogDevObjectVersion: Number of dev versions registered: 25
LogDevObjectVersion:   Dev-Blueprints (B0D832E4-1F89-4F0D-ACCF-7EB736FD4AA2): 10
LogDevObjectVersion:   Dev-Build (E1C64328-A22C-4D53-A36C-8E866417BD8C): 0
LogDevObjectVersion:   Dev-Core (375EC13C-06E4-48FB-B500-84F0262A717E): 3
LogDevObjectVersion:   Dev-Editor (E4B068ED-F494-42E9-A231-DA0B2E46BB41): 37
LogDevObjectVersion:   Dev-Framework (CFFC743F-43B0-4480-9391-14DF171D2073): 36
LogDevObjectVersion:   Dev-Mobile (B02B49B5-BB20-44E9-A304-32B752E40360): 2
LogDevObjectVersion:   Dev-Networking (A4E4105C-59A1-49B5-A7C5-40C4547EDFEE): 0
LogDevObjectVersion:   Dev-Online (39C831C9-5AE6-47DC-9A44-9C173E1C8E7C): 0
LogDevObjectVersion:   Dev-Physics (78F01B33-EBEA-4F98-B9B4-84EACCB95AA2): 2
LogDevObjectVersion:   Dev-Platform (6631380F-2D4D-43E0-8009-CF276956A95A): 0
LogDevObjectVersion:   Dev-Rendering (12F88B9F-8875-4AFC-A67C-D90C383ABD29): 36
LogDevObjectVersion:   Dev-Sequencer (7B5AE74C-D270-4C10-A958-57980B212A5A): 11
LogDevObjectVersion:   Dev-VR (D7296918-1DD6-4BDD-9DE2-64A83CC13884): 2
LogDevObjectVersion:   Dev-LoadTimes (C2A15278-BFE7-4AFE-6C17-90FF531DF755): 1
LogDevObjectVersion:   Private-Geometry (6EACA3D4-40EC-4CC1-B786-8BED09428FC5): 3
LogDevObjectVersion:   Dev-AnimPhys (29E575DD-E0A3-4627-9D10-D276232CDCEA): 17
LogDevObjectVersion:   Dev-Anim (AF43A65D-7FD3-4947-9873-3E8ED9C1BB05): 2
LogDevObjectVersion:   Dev-ReflectionCapture (6B266CEC-1EC7-4B8F-A30B-E4D90942FC07): 1
LogDevObjectVersion:   Dev-Automation (0DF73D61-A23F-47EA-B727-89E90C41499A): 1
LogDevObjectVersion:   FortniteMain (601D1886-AC64-4F84-AA16-D3DE0DEAC7D6): 31
LogDevObjectVersion:   Dev-Enterprise (9DFFBCD6-494F-0158-E221-12823C92A888): 8
LogDevObjectVersion:   Dev-Niagara (F2AED0AC-9AFE-416F-8664-AA7FFA26D6FC): 1
LogDevObjectVersion:   Dev-Destruction (174F1F0B-B4C6-45A5-B13F-2EE8D0FB917D): 9
LogDevObjectVersion:   Dev-Physics-Ext (35F94A83-E258-406C-A318-09F59610247C): 8
LogDevObjectVersion:   Dev-CineCamera (B2E18506-4273-CFC2-A54E-F4BB758BBA07): 1
LogInit: Presizing for max 25165824 objects, including 0 objects not considered by GC, pre-allocating 0 bytes for permanent pool.
LogInit: Object subsystem initialized
LogConfig: Setting CVar [[con.DebugEarlyDefault:1]]
LogConfig: Setting CVar [[r.setres:1280x720]]
[2020.04.25-23.42.40:803][  0]LogConfig: Setting CVar [[r.VSync:0]]
[2020.04.25-23.42.40:803][  0]LogConfig: Setting CVar [[r.RHICmdBypass:0]]
[2020.04.25-23.42.40:803][  0]LogConfig: Applying CVar settings from Section [/Script/Engine.RendererSettings] File [C:/D/UE_Projects/ProjOfLocations/Saved/Config/Windows/Engine.ini]
[2020.04.25-23.42.40:803][  0]LogConfig: Setting CVar [[r.GPUCrashDebugging:0]]
[2020.04.25-23.42.40:803][  0]LogConfig: Applying CVar settings from Section [/Script/Engine.RendererOverrideSettings] File [C:/D/UE_Projects/ProjOfLocations/Saved/Config/Windows/Engine.ini]
[2020.04.25-23.42.40:803][  0]LogConfig: Applying CVar settings from Section [/Script/Engine.StreamingSettings] File [C:/D/UE_Projects/ProjOfLocations/Saved/Config/Windows/Engine.ini]
[2020.04.25-23.42.40:803][  0]LogConfig: Setting CVar [[s.MinBulkDataSizeForAsyncLoading:131072]]
[2020.04.25-23.42.40:803][  0]LogConfig: Setting CVar [[s.AsyncLoadingThreadEnabled:0]]
[2020.04.25-23.42.40:803][  0]LogConfig: Setting CVar [[s.EventDrivenLoaderEnabled:1]]
[2020.04.25-23.42.40:803][  0]LogConfig: Setting CVar [[s.WarnIfTimeLimitExceeded:0]]
[2020.04.25-23.42.40:803][  0]LogConfig: Setting CVar [[s.TimeLimitExceededMultiplier:1.5]]
[2020.04.25-23.42.40:803][  0]LogConfig: Setting CVar [[s.TimeLimitExceededMinTime:0.005]]
[2020.04.25-23.42.40:803][  0]LogConfig: Setting CVar [[s.UseBackgroundLevelStreaming:1]]
[2020.04.25-23.42.40:803][  0]LogConfig: Setting CVar [[s.PriorityAsyncLoadingExtraTime:15.0]]
[2020.04.25-23.42.40:803][  0]LogConfig: Setting CVar [[s.LevelStreamingActorsUpdateTimeLimit:5.0]]
[2020.04.25-23.42.40:803][  0]LogConfig: Setting CVar [[s.PriorityLevelStreamingActorsUpdateExtraTime:5.0]]
[2020.04.25-23.42.40:803][  0]LogConfig: Setting CVar [[s.LevelStreamingComponentsRegistrationGranularity:10]]
[2020.04.25-23.42.40:803][  0]LogConfig: Setting CVar [[s.UnregisterComponentsTimeLimit:1.0]]
[2020.04.25-23.42.40:803][  0]LogConfig: Setting CVar [[s.LevelStreamingComponentsUnregistrationGranularity:5]]
[2020.04.25-23.42.40:803][  0]LogConfig: Setting CVar [[s.FlushStreamingOnExit:1]]
[2020.04.25-23.42.40:803][  0]LogConfig: Applying CVar settings from Section [/Script/Engine.GarbageCollectionSettings] File [C:/D/UE_Projects/ProjOfLocations/Saved/Config/Windows/Engine.ini]
[2020.04.25-23.42.40:803][  0]LogConfig: Setting CVar [[gc.MaxObjectsNotConsideredByGC:1]]
[2020.04.25-23.42.40:803][  0]LogConfig: Setting CVar [[gc.SizeOfPermanentObjectPool:0]]
[2020.04.25-23.42.40:803][  0]LogConfig: Setting CVar [[gc.FlushStreamingOnGC:0]]
[2020.04.25-23.42.40:803][  0]LogConfig: Setting CVar [[gc.NumRetriesBeforeForcingGC:10]]
[2020.04.25-23.42.40:803][  0]LogConfig: Setting CVar [[gc.AllowParallelGC:1]]
[2020.04.25-23.42.40:803][  0]LogConfig: Setting CVar [[gc.TimeBetweenPurgingPendingKillObjects:61.1]]
[2020.04.25-23.42.40:803][  0]LogConfig: Setting CVar [[gc.MaxObjectsInEditor:25165824]]
[2020.04.25-23.42.40:803][  0]LogConfig: Setting CVar [[gc.IncrementalBeginDestroyEnabled:1]]
[2020.04.25-23.42.40:803][  0]LogConfig: Setting CVar [[gc.CreateGCClusters:1]]
[2020.04.25-23.42.40:803][  0]LogConfig: Setting CVar [[gc.MinGCClusterSize:5]]
[2020.04.25-23.42.40:803][  0]LogConfig: Setting CVar [[gc.ActorClusteringEnabled:0]]
[2020.04.25-23.42.40:803][  0]LogConfig: Setting CVar [[gc.BlueprintClusteringEnabled:0]]
[2020.04.25-23.42.40:803][  0]LogConfig: Setting CVar [[gc.UseDisregardForGCOnDedicatedServers:0]]
[2020.04.25-23.42.40:803][  0]LogConfig: Applying CVar settings from Section [/Script/Engine.NetworkSettings] File [C:/D/UE_Projects/ProjOfLocations/Saved/Config/Windows/Engine.ini]
[2020.04.25-23.42.40:803][  0]LogConfig: Applying CVar settings from Section [/Script/UnrealEd.CookerSettings] File [C:/D/UE_Projects/ProjOfLocations/Saved/Config/Windows/Engine.ini]
[2020.04.25-23.42.40:810][  0]LogConfig: Applying CVar settings from Section [ViewDistanceQuality@3] File [C:/D/UE_Projects/ProjOfLocations/Saved/Config/Windows/Scalability.ini]
[2020.04.25-23.42.40:810][  0]LogConfig: Setting CVar [[r.SkeletalMeshLODBias:0]]
[2020.04.25-23.42.40:810][  0]LogConfig: Setting CVar [[r.ViewDistanceScale:1.0]]
[2020.04.25-23.42.40:810][  0]LogConfig: Applying CVar settings from Section [AntiAliasingQuality@3] File [C:/D/UE_Projects/ProjOfLocations/Saved/Config/Windows/Scalability.ini]
[2020.04.25-23.42.40:810][  0]LogConfig: Setting CVar [[r.PostProcessAAQuality:4]]
[2020.04.25-23.42.40:810][  0]LogConfig: Applying CVar settings from Section [ShadowQuality@3] File [C:/D/UE_Projects/ProjOfLocations/Saved/Config/Windows/Scalability.ini]
[2020.04.25-23.42.40:810][  0]LogConfig: Setting CVar [[r.LightFunctionQuality:1]]
[2020.04.25-23.42.40:810][  0]LogConfig: Setting CVar [[r.ShadowQuality:5]]
[2020.04.25-23.42.40:810][  0]LogConfig: Setting CVar [[r.Shadow.CSM.MaxCascades:10]]
[2020.04.25-23.42.40:810][  0]LogConfig: Setting CVar [[r.Shadow.MaxResolution:2048]]
[2020.04.25-23.42.40:810][  0]LogConfig: Setting CVar [[r.Shadow.MaxCSMResolution:2048]]
[2020.04.25-23.42.40:810][  0]LogConfig: Setting CVar [[r.Shadow.RadiusThreshold:0.01]]
[2020.04.25-23.42.40:810][  0]LogConfig: Setting CVar [[r.Shadow.DistanceScale:1.0]]
[2020.04.25-23.42.40:810][  0]LogConfig: Setting CVar [[r.Shadow.CSM.TransitionScale:1.0]]
[2020.04.25-23.42.40:810][  0]LogConfig: Setting CVar [[r.Shadow.PreShadowResolutionFactor:1.0]]
[2020.04.25-23.42.40:810][  0]LogConfig: Setting CVar [[r.DistanceFieldShadowing:1]]
[2020.04.25-23.42.40:810][  0]LogConfig: Setting CVar [[r.DistanceFieldAO:1]]
[2020.04.25-23.42.40:810][  0]LogConfig: Setting CVar [[r.AOQuality:2]]
[2020.04.25-23.42.40:810][  0]LogConfig: Setting CVar [[r.VolumetricFog:1]]
[2020.04.25-23.42.40:810][  0]LogConfig: Setting CVar [[r.VolumetricFog.GridPixelSize:8]]
[2020.04.25-23.42.40:810][  0]LogConfig: Setting CVar [[r.VolumetricFog.GridSizeZ:128]]
[2020.04.25-23.42.40:810][  0]LogConfig: Setting CVar [[r.VolumetricFog.HistoryMissSupersampleCount:4]]
[2020.04.25-23.42.40:810][  0]LogConfig: Setting CVar [[r.LightMaxDrawDistanceScale:1]]
[2020.04.25-23.42.40:810][  0]LogConfig: Setting CVar [[r.CapsuleShadows:1]]
[2020.04.25-23.42.40:810][  0]LogConfig: Applying CVar settings from Section [PostProcessQuality@3] File [C:/D/UE_Projects/ProjOfLocations/Saved/Config/Windows/Scalability.ini]
[2020.04.25-23.42.40:811][  0]LogConfig: Setting CVar [[r.MotionBlurQuality:4]]
[2020.04.25-23.42.40:811][  0]LogConfig: Setting CVar [[r.AmbientOcclusionMipLevelFactor:0.4]]
[2020.04.25-23.42.40:811][  0]LogConfig: Setting CVar [[r.AmbientOcclusionMaxQuality:100]]
[2020.04.25-23.42.40:811][  0]LogConfig: Setting CVar [[r.AmbientOcclusionLevels:-1]]
[2020.04.25-23.42.40:811][  0]LogConfig: Setting CVar [[r.AmbientOcclusionRadiusScale:1.0]]
[2020.04.25-23.42.40:811][  0]LogConfig: Setting CVar [[r.DepthOfFieldQuality:2]]
[2020.04.25-23.42.40:811][  0]LogConfig: Setting CVar [[r.RenderTargetPoolMin:400]]
[2020.04.25-23.42.40:811][  0]LogConfig: Setting CVar [[r.LensFlareQuality:2]]
[2020.04.25-23.42.40:811][  0]LogConfig: Setting CVar [[r.SceneColorFringeQuality:1]]
[2020.04.25-23.42.40:811][  0]LogConfig: Setting CVar [[r.EyeAdaptationQuality:2]]
[2020.04.25-23.42.40:811][  0]LogConfig: Setting CVar [[r.BloomQuality:5]]
[2020.04.25-23.42.40:811][  0]LogConfig: Setting CVar [[r.FastBlurThreshold:100]]
[2020.04.25-23.42.40:811][  0]LogConfig: Setting CVar [[r.Upscale.Quality:3]]
[2020.04.25-23.42.40:811][  0]LogConfig: Setting CVar [[r.Tonemapper.GrainQuantization:1]]
[2020.04.25-23.42.40:811][  0]LogConfig: Setting CVar [[r.LightShaftQuality:1]]
[2020.04.25-23.42.40:811][  0]LogConfig: Setting CVar [[r.Filter.SizeScale:1]]
[2020.04.25-23.42.40:811][  0]LogConfig: Setting CVar [[r.Tonemapper.Quality:5]]
[2020.04.25-23.42.40:811][  0]LogConfig: Setting CVar [[r.DOF.Gather.AccumulatorQuality:1        ; higher gathering accumulator quality]]
[2020.04.25-23.42.40:811][  0]LogConfig: Setting CVar [[r.DOF.Gather.PostfilterMethod:1          ; Median3x3 postfilering method]]
[2020.04.25-23.42.40:811][  0]LogConfig: Setting CVar [[r.DOF.Gather.EnableBokehSettings:0       ; no bokeh simulation when gathering]]
[2020.04.25-23.42.40:811][  0]LogConfig: Setting CVar [[r.DOF.Gather.RingCount:4                 ; medium number of samples when gathering]]
[2020.04.25-23.42.40:811][  0]LogConfig: Setting CVar [[r.DOF.Scatter.ForegroundCompositing:1    ; additive foreground scattering]]
[2020.04.25-23.42.40:811][  0]LogConfig: Setting CVar [[r.DOF.Scatter.BackgroundCompositing:2    ; additive background scattering]]
[2020.04.25-23.42.40:811][  0]LogConfig: Setting CVar [[r.DOF.Scatter.EnableBokehSettings:1      ; bokeh simulation when scattering]]
[2020.04.25-23.42.40:811][  0]LogConfig: Setting CVar [[r.DOF.Scatter.MaxSpriteRatio:0.1         ; only a maximum of 10% of scattered bokeh]]
[2020.04.25-23.42.40:811][  0]LogConfig: Setting CVar [[r.DOF.Recombine.Quality:1                ; cheap slight out of focus]]
[2020.04.25-23.42.40:811][  0]LogConfig: Setting CVar [[r.DOF.Recombine.EnableBokehSettings:0    ; no bokeh simulation on slight out of focus]]
[2020.04.25-23.42.40:811][  0]LogConfig: Setting CVar [[r.DOF.TemporalAAQuality:1                ; more stable temporal accumulation]]
[2020.04.25-23.42.40:811][  0]LogConfig: Setting CVar [[r.DOF.Kernel.MaxForegroundRadius:0.025]]
[2020.04.25-23.42.40:811][  0]LogConfig: Setting CVar [[r.DOF.Kernel.MaxBackgroundRadius:0.025]]
[2020.04.25-23.42.40:811][  0]LogConfig: Applying CVar settings from Section [TextureQuality@3] File [C:/D/UE_Projects/ProjOfLocations/Saved/Config/Windows/Scalability.ini]
[2020.04.25-23.42.40:811][  0]LogConfig: Setting CVar [[r.Streaming.MipBias:0]]
[2020.04.25-23.42.40:811][  0]LogConfig: Setting CVar [[r.Streaming.AmortizeCPUToGPUCopy:0]]
[2020.04.25-23.42.40:811][  0]LogConfig: Setting CVar [[r.Streaming.MaxNumTexturesToStreamPerFrame:0]]
[2020.04.25-23.42.40:811][  0]LogConfig: Setting CVar [[r.Streaming.Boost:1]]
[2020.04.25-23.42.40:811][  0]LogConfig: Setting CVar [[r.MaxAnisotropy:8]]
[2020.04.25-23.42.40:811][  0]LogConfig: Setting CVar [[r.VT.MaxAnisotropy:8]]
[2020.04.25-23.42.40:811][  0]LogConfig: Setting CVar [[r.Streaming.LimitPoolSizeToVRAM:0]]
[2020.04.25-23.42.40:811][  0]LogConfig: Setting CVar [[r.Streaming.PoolSize:1000]]
[2020.04.25-23.42.40:811][  0]LogConfig: Setting CVar [[r.Streaming.MaxEffectiveScreenSize:0]]
[2020.04.25-23.42.40:811][  0]LogConfig: Applying CVar settings from Section [EffectsQuality@3] File [C:/D/UE_Projects/ProjOfLocations/Saved/Config/Windows/Scalability.ini]
[2020.04.25-23.42.40:811][  0]LogConfig: Setting CVar [[r.TranslucencyLightingVolumeDim:64]]
[2020.04.25-23.42.40:811][  0]LogConfig: Setting CVar [[r.RefractionQuality:2]]
[2020.04.25-23.42.40:811][  0]LogConfig: Setting CVar [[r.SSR.Quality:3]]
[2020.04.25-23.42.40:811][  0]LogConfig: Setting CVar [[r.SSR.HalfResSceneColor:0]]
[2020.04.25-23.42.40:811][  0]LogConfig: Setting CVar [[r.SceneColorFormat:4]]
[2020.04.25-23.42.40:811][  0]LogConfig: Setting CVar [[r.DetailMode:2]]
[2020.04.25-23.42.40:811][  0]LogConfig: Setting CVar [[r.TranslucencyVolumeBlur:1]]
[2020.04.25-23.42.40:811][  0]LogConfig: Setting CVar [[r.MaterialQualityLevel:1 ; High quality]]
[2020.04.25-23.42.40:811][  0]LogConfig: Setting CVar [[r.SSS.Scale:1]]
[2020.04.25-23.42.40:811][  0]LogConfig: Setting CVar [[r.SSS.SampleSet:2]]
[2020.04.25-23.42.40:811][  0]LogConfig: Setting CVar [[r.SSS.Quality:1]]
[2020.04.25-23.42.40:811][  0]LogConfig: Setting CVar [[r.SSS.HalfRes:1]]
[2020.04.25-23.42.40:811][  0]LogConfig: Setting CVar [[r.SSGI.Quality:3]]
[2020.04.25-23.42.40:811][  0]LogConfig: Setting CVar [[r.EmitterSpawnRateScale:1.0]]
[2020.04.25-23.42.40:811][  0]LogConfig: Setting CVar [[r.ParticleLightQuality:2]]
[2020.04.25-23.42.40:811][  0]LogConfig: Setting CVar [[r.SkyAtmosphere.AerialPerspectiveLUT.FastApplyOnOpaque:1 ; Always have FastSkyLUT 1 in this case to avoid wrong sky]]
[2020.04.25-23.42.40:811][  0]LogConfig: Setting CVar [[r.SkyAtmosphere.AerialPerspectiveLUT.SampleCountPerSlice:1]]
[2020.04.25-23.42.40:811][  0]LogConfig: Setting CVar [[r.SkyAtmosphere.AerialPerspectiveLUT.DepthResolution:16.0]]
[2020.04.25-23.42.40:811][  0]LogConfig: Setting CVar [[r.SkyAtmosphere.FastSkyLUT:1]]
[2020.04.25-23.42.40:811][  0]LogConfig: Setting CVar [[r.SkyAtmosphere.FastSkyLUT.SampleCountMin:4.0]]
[2020.04.25-23.42.40:811][  0]LogConfig: Setting CVar [[r.SkyAtmosphere.FastSkyLUT.SampleCountMax:32.0]]
[2020.04.25-23.42.40:811][  0]LogConfig: Setting CVar [[r.SkyAtmosphere.SampleCountMin:4.0]]
[2020.04.25-23.42.40:811][  0]LogConfig: Setting CVar [[r.SkyAtmosphere.SampleCountMax:32.0]]
[2020.04.25-23.42.40:811][  0]LogConfig: Setting CVar [[r.SkyAtmosphere.TransmittanceLUT.UseSmallFormat:0]]
[2020.04.25-23.42.40:811][  0]LogConfig: Setting CVar [[r.SkyAtmosphere.TransmittanceLUT.SampleCount:10.0]]
[2020.04.25-23.42.40:811][  0]LogConfig: Setting CVar [[r.SkyAtmosphere.MultiScatteringLUT.SampleCount:15.0]]
[2020.04.25-23.42.40:811][  0]LogConfig: Applying CVar settings from Section [FoliageQuality@3] File [C:/D/UE_Projects/ProjOfLocations/Saved/Config/Windows/Scalability.ini]
[2020.04.25-23.42.40:811][  0]LogConfig: Setting CVar [[foliage.DensityScale:1.0]]
[2020.04.25-23.42.40:811][  0]LogConfig: Setting CVar [[grass.DensityScale:1.0]]
[2020.04.25-23.42.40:811][  0]LogConfig: Applying CVar settings from Section [ShadingQuality@3] File [C:/D/UE_Projects/ProjOfLocations/Saved/Config/Windows/Scalability.ini]
[2020.04.25-23.42.40:811][  0]LogConfig: Setting CVar [[r.HairStrands.SkyLighting.SampleCount:16]]
[2020.04.25-23.42.40:811][  0]LogConfig: Setting CVar [[r.HairStrands.SkyLighting.JitterIntegration:0]]
[2020.04.25-23.42.40:811][  0]LogConfig: Setting CVar [[r.HairStrands.SkyAO.SampleCount:16]]
[2020.04.25-23.42.40:811][  0]LogInit: Selected Device Profile: [Windows]
[2020.04.25-23.42.40:811][  0]LogInit: Applying CVar settings loaded from the selected device profile: [Windows]
[2020.04.25-23.42.40:813][  0]LogHAL: Display: Platform has ~ 16 GB [17083940864 / 17179869184 / 16], which maps to Larger [LargestMinGB=32, LargerMinGB=12, DefaultMinGB=8, SmallerMinGB=6, SmallestMinGB=0)
[2020.04.25-23.42.40:813][  0]LogInit: Going up to parent DeviceProfile []
[2020.04.25-23.42.40:813][  0]LogConfig: Applying CVar settings from Section [ViewDistanceQuality@3] File [C:/D/UE_Projects/ProjOfLocations/Saved/Config/Windows/Scalability.ini]
[2020.04.25-23.42.40:813][  0]LogConfig: Setting CVar [[r.SkeletalMeshLODBias:0]]
[2020.04.25-23.42.40:813][  0]LogConfig: Setting CVar [[r.ViewDistanceScale:1.0]]
[2020.04.25-23.42.40:813][  0]LogConfig: Applying CVar settings from Section [AntiAliasingQuality@3] File [C:/D/UE_Projects/ProjOfLocations/Saved/Config/Windows/Scalability.ini]
[2020.04.25-23.42.40:813][  0]LogConfig: Setting CVar [[r.PostProcessAAQuality:4]]
[2020.04.25-23.42.40:813][  0]LogConfig: Applying CVar settings from Section [ShadowQuality@3] File [C:/D/UE_Projects/ProjOfLocations/Saved/Config/Windows/Scalability.ini]
[2020.04.25-23.42.40:813][  0]LogConfig: Setting CVar [[r.LightFunctionQuality:1]]
[2020.04.25-23.42.40:813][  0]LogConfig: Setting CVar [[r.ShadowQuality:5]]
[2020.04.25-23.42.40:813][  0]LogConfig: Setting CVar [[r.Shadow.CSM.MaxCascades:10]]
[2020.04.25-23.42.40:813][  0]LogConfig: Setting CVar [[r.Shadow.MaxResolution:2048]]
[2020.04.25-23.42.40:813][  0]LogConfig: Setting CVar [[r.Shadow.MaxCSMResolution:2048]]
[2020.04.25-23.42.40:814][  0]LogConfig: Setting CVar [[r.Shadow.RadiusThreshold:0.01]]
[2020.04.25-23.42.40:814][  0]LogConfig: Setting CVar [[r.Shadow.DistanceScale:1.0]]
[2020.04.25-23.42.40:814][  0]LogConfig: Setting CVar [[r.Shadow.CSM.TransitionScale:1.0]]
[2020.04.25-23.42.40:814][  0]LogConfig: Setting CVar [[r.Shadow.PreShadowResolutionFactor:1.0]]
[2020.04.25-23.42.40:814][  0]LogConfig: Setting CVar [[r.DistanceFieldShadowing:1]]
[2020.04.25-23.42.40:814][  0]LogConfig: Setting CVar [[r.DistanceFieldAO:1]]
[2020.04.25-23.42.40:814][  0]LogConfig: Setting CVar [[r.AOQuality:2]]
[2020.04.25-23.42.40:814][  0]LogConfig: Setting CVar [[r.VolumetricFog:1]]
[2020.04.25-23.42.40:814][  0]LogConfig: Setting CVar [[r.VolumetricFog.GridPixelSize:8]]
[2020.04.25-23.42.40:814][  0]LogConfig: Setting CVar [[r.VolumetricFog.GridSizeZ:128]]
[2020.04.25-23.42.40:814][  0]LogConfig: Setting CVar [[r.VolumetricFog.HistoryMissSupersampleCount:4]]
[2020.04.25-23.42.40:814][  0]LogConfig: Setting CVar [[r.LightMaxDrawDistanceScale:1]]
[2020.04.25-23.42.40:814][  0]LogConfig: Setting CVar [[r.CapsuleShadows:1]]
[2020.04.25-23.42.40:814][  0]LogConfig: Applying CVar settings from Section [PostProcessQuality@3] File [C:/D/UE_Projects/ProjOfLocations/Saved/Config/Windows/Scalability.ini]
[2020.04.25-23.42.40:814][  0]LogConfig: Setting CVar [[r.MotionBlurQuality:4]]
[2020.04.25-23.42.40:814][  0]LogConfig: Setting CVar [[r.AmbientOcclusionMipLevelFactor:0.4]]
[2020.04.25-23.42.40:814][  0]LogConfig: Setting CVar [[r.AmbientOcclusionMaxQuality:100]]
[2020.04.25-23.42.40:814][  0]LogConfig: Setting CVar [[r.AmbientOcclusionLevels:-1]]
[2020.04.25-23.42.40:814][  0]LogConfig: Setting CVar [[r.AmbientOcclusionRadiusScale:1.0]]
[2020.04.25-23.42.40:814][  0]LogConfig: Setting CVar [[r.DepthOfFieldQuality:2]]
[2020.04.25-23.42.40:814][  0]LogConfig: Setting CVar [[r.RenderTargetPoolMin:400]]
[2020.04.25-23.42.40:814][  0]LogConfig: Setting CVar [[r.LensFlareQuality:2]]
[2020.04.25-23.42.40:814][  0]LogConfig: Setting CVar [[r.SceneColorFringeQuality:1]]
[2020.04.25-23.42.40:814][  0]LogConfig: Setting CVar [[r.EyeAdaptationQuality:2]]
[2020.04.25-23.42.40:814][  0]LogConfig: Setting CVar [[r.BloomQuality:5]]
[2020.04.25-23.42.40:814][  0]LogConfig: Setting CVar [[r.FastBlurThreshold:100]]
[2020.04.25-23.42.40:814][  0]LogConfig: Setting CVar [[r.Upscale.Quality:3]]
[2020.04.25-23.42.40:814][  0]LogConfig: Setting CVar [[r.Tonemapper.GrainQuantization:1]]
[2020.04.25-23.42.40:814][  0]LogConfig: Setting CVar [[r.LightShaftQuality:1]]
[2020.04.25-23.42.40:814][  0]LogConfig: Setting CVar [[r.Filter.SizeScale:1]]
[2020.04.25-23.42.40:814][  0]LogConfig: Setting CVar [[r.Tonemapper.Quality:5]]
[2020.04.25-23.42.40:814][  0]LogConfig: Setting CVar [[r.DOF.Gather.AccumulatorQuality:1        ; higher gathering accumulator quality]]
[2020.04.25-23.42.40:814][  0]LogConfig: Setting CVar [[r.DOF.Gather.PostfilterMethod:1          ; Median3x3 postfilering method]]
[2020.04.25-23.42.40:814][  0]LogConfig: Setting CVar [[r.DOF.Gather.EnableBokehSettings:0       ; no bokeh simulation when gathering]]
[2020.04.25-23.42.40:814][  0]LogConfig: Setting CVar [[r.DOF.Gather.RingCount:4                 ; medium number of samples when gathering]]
[2020.04.25-23.42.40:814][  0]LogConfig: Setting CVar [[r.DOF.Scatter.ForegroundCompositing:1    ; additive foreground scattering]]
[2020.04.25-23.42.40:814][  0]LogConfig: Setting CVar [[r.DOF.Scatter.BackgroundCompositing:2    ; additive background scattering]]
[2020.04.25-23.42.40:814][  0]LogConfig: Setting CVar [[r.DOF.Scatter.EnableBokehSettings:1      ; bokeh simulation when scattering]]
[2020.04.25-23.42.40:814][  0]LogConfig: Setting CVar [[r.DOF.Scatter.MaxSpriteRatio:0.1         ; only a maximum of 10% of scattered bokeh]]
[2020.04.25-23.42.40:814][  0]LogConfig: Setting CVar [[r.DOF.Recombine.Quality:1                ; cheap slight out of focus]]
[2020.04.25-23.42.40:814][  0]LogConfig: Setting CVar [[r.DOF.Recombine.EnableBokehSettings:0    ; no bokeh simulation on slight out of focus]]
[2020.04.25-23.42.40:814][  0]LogConfig: Setting CVar [[r.DOF.TemporalAAQuality:1                ; more stable temporal accumulation]]
[2020.04.25-23.42.40:814][  0]LogConfig: Setting CVar [[r.DOF.Kernel.MaxForegroundRadius:0.025]]
[2020.04.25-23.42.40:814][  0]LogConfig: Setting CVar [[r.DOF.Kernel.MaxBackgroundRadius:0.025]]
[2020.04.25-23.42.40:814][  0]LogConfig: Applying CVar settings from Section [TextureQuality@3] File [C:/D/UE_Projects/ProjOfLocations/Saved/Config/Windows/Scalability.ini]
[2020.04.25-23.42.40:814][  0]LogConfig: Setting CVar [[r.Streaming.MipBias:0]]
[2020.04.25-23.42.40:814][  0]LogConfig: Setting CVar [[r.Streaming.AmortizeCPUToGPUCopy:0]]
[2020.04.25-23.42.40:814][  0]LogConfig: Setting CVar [[r.Streaming.MaxNumTexturesToStreamPerFrame:0]]
[2020.04.25-23.42.40:814][  0]LogConfig: Setting CVar [[r.Streaming.Boost:1]]
[2020.04.25-23.42.40:814][  0]LogConfig: Setting CVar [[r.MaxAnisotropy:8]]
[2020.04.25-23.42.40:814][  0]LogConfig: Setting CVar [[r.VT.MaxAnisotropy:8]]
[2020.04.25-23.42.40:814][  0]LogConfig: Setting CVar [[r.Streaming.LimitPoolSizeToVRAM:0]]
[2020.04.25-23.42.40:814][  0]LogConfig: Setting CVar [[r.Streaming.PoolSize:1000]]
[2020.04.25-23.42.40:814][  0]LogConfig: Setting CVar [[r.Streaming.MaxEffectiveScreenSize:0]]
[2020.04.25-23.42.40:814][  0]LogConfig: Applying CVar settings from Section [EffectsQuality@3] File [C:/D/UE_Projects/ProjOfLocations/Saved/Config/Windows/Scalability.ini]
[2020.04.25-23.42.40:814][  0]LogConfig: Setting CVar [[r.TranslucencyLightingVolumeDim:64]]
[2020.04.25-23.42.40:814][  0]LogConfig: Setting CVar [[r.RefractionQuality:2]]
[2020.04.25-23.42.40:814][  0]LogConfig: Setting CVar [[r.SSR.Quality:3]]
[2020.04.25-23.42.40:814][  0]LogConfig: Setting CVar [[r.SSR.HalfResSceneColor:0]]
[2020.04.25-23.42.40:814][  0]LogConfig: Setting CVar [[r.SceneColorFormat:4]]
[2020.04.25-23.42.40:814][  0]LogConfig: Setting CVar [[r.DetailMode:2]]
[2020.04.25-23.42.40:814][  0]LogConfig: Setting CVar [[r.TranslucencyVolumeBlur:1]]
[2020.04.25-23.42.40:814][  0]LogConfig: Setting CVar [[r.MaterialQualityLevel:1 ; High quality]]
[2020.04.25-23.42.40:814][  0]LogConfig: Setting CVar [[r.SSS.Scale:1]]
[2020.04.25-23.42.40:814][  0]LogConfig: Setting CVar [[r.SSS.SampleSet:2]]
[2020.04.25-23.42.40:814][  0]LogConfig: Setting CVar [[r.SSS.Quality:1]]
[2020.04.25-23.42.40:814][  0]LogConfig: Setting CVar [[r.SSS.HalfRes:1]]
[2020.04.25-23.42.40:814][  0]LogConfig: Setting CVar [[r.SSGI.Quality:3]]
[2020.04.25-23.42.40:814][  0]LogConfig: Setting CVar [[r.EmitterSpawnRateScale:1.0]]
[2020.04.25-23.42.40:814][  0]LogConfig: Setting CVar [[r.ParticleLightQuality:2]]
[2020.04.25-23.42.40:814][  0]LogConfig: Setting CVar [[r.SkyAtmosphere.AerialPerspectiveLUT.FastApplyOnOpaque:1 ; Always have FastSkyLUT 1 in this case to avoid wrong sky]]
[2020.04.25-23.42.40:814][  0]LogConfig: Setting CVar [[r.SkyAtmosphere.AerialPerspectiveLUT.SampleCountPerSlice:1]]
[2020.04.25-23.42.40:814][  0]LogConfig: Setting CVar [[r.SkyAtmosphere.AerialPerspectiveLUT.DepthResolution:16.0]]
[2020.04.25-23.42.40:814][  0]LogConfig: Setting CVar [[r.SkyAtmosphere.FastSkyLUT:1]]
[2020.04.25-23.42.40:814][  0]LogConfig: Setting CVar [[r.SkyAtmosphere.FastSkyLUT.SampleCountMin:4.0]]
[2020.04.25-23.42.40:814][  0]LogConfig: Setting CVar [[r.SkyAtmosphere.FastSkyLUT.SampleCountMax:32.0]]
[2020.04.25-23.42.40:814][  0]LogConfig: Setting CVar [[r.SkyAtmosphere.SampleCountMin:4.0]]
[2020.04.25-23.42.40:814][  0]LogConfig: Setting CVar [[r.SkyAtmosphere.SampleCountMax:32.0]]
[2020.04.25-23.42.40:814][  0]LogConfig: Setting CVar [[r.SkyAtmosphere.TransmittanceLUT.UseSmallFormat:0]]
[2020.04.25-23.42.40:814][  0]LogConfig: Setting CVar [[r.SkyAtmosphere.TransmittanceLUT.SampleCount:10.0]]
[2020.04.25-23.42.40:814][  0]LogConfig: Setting CVar [[r.SkyAtmosphere.MultiScatteringLUT.SampleCount:15.0]]
[2020.04.25-23.42.40:814][  0]LogConfig: Applying CVar settings from Section [FoliageQuality@3] File [C:/D/UE_Projects/ProjOfLocations/Saved/Config/Windows/Scalability.ini]
[2020.04.25-23.42.40:814][  0]LogConfig: Setting CVar [[foliage.DensityScale:1.0]]
[2020.04.25-23.42.40:814][  0]LogConfig: Setting CVar [[grass.DensityScale:1.0]]
[2020.04.25-23.42.40:814][  0]LogConfig: Applying CVar settings from Section [ShadingQuality@3] File [C:/D/UE_Projects/ProjOfLocations/Saved/Config/Windows/Scalability.ini]
[2020.04.25-23.42.40:814][  0]LogConfig: Setting CVar [[r.HairStrands.SkyLighting.SampleCount:16]]
[2020.04.25-23.42.40:814][  0]LogConfig: Setting CVar [[r.HairStrands.SkyLighting.JitterIntegration:0]]
[2020.04.25-23.42.40:814][  0]LogConfig: Setting CVar [[r.HairStrands.SkyAO.SampleCount:16]]
[2020.04.25-23.42.40:814][  0]LogConfig: Applying CVar settings from Section [Startup] File [../../../Engine/Config/ConsoleVariables.ini]
[2020.04.25-23.42.40:814][  0]LogConfig: Setting CVar [[net.UseAdaptiveNetUpdateFrequency:0]]
[2020.04.25-23.42.40:815][  0]LogConfig: Setting CVar [[p.chaos.AllowCreatePhysxBodies:1]]
[2020.04.25-23.42.40:815][  0]LogConfig: Applying CVar settings from Section [ConsoleVariables] File [C:/D/UE_Projects/ProjOfLocations/Saved/Config/Windows/Engine.ini]
[2020.04.25-23.42.40:815][  0]LogInit: Computer: BOOSH
[2020.04.25-23.42.40:815][  0]LogInit: User: boo6i000
[2020.04.25-23.42.40:815][  0]LogInit: CPU Page size=4096, Cores=4
[2020.04.25-23.42.40:815][  0]LogInit: High frequency timer resolution =3.417985 MHz
[2020.04.25-23.42.40:815][  0]LogMemory: Memory total: Physical=15.9GB (16GB approx)
[2020.04.25-23.42.40:815][  0]LogMemory: Platform Memory Stats for Windows
[2020.04.25-23.42.40:815][  0]LogMemory: Process Physical Memory: 101.38 MB used, 101.38 MB peak
[2020.04.25-23.42.40:815][  0]LogMemory: Process Virtual Memory: 99.80 MB used, 99.80 MB peak
[2020.04.25-23.42.40:815][  0]LogMemory: Physical Memory: 6465.27 MB used,  9827.25 MB free, 16292.52 MB total
[2020.04.25-23.42.40:815][  0]LogMemory: Virtual Memory: 968.68 MB used,  134216760.00 MB free, 134217728.00 MB total
[2020.04.25-23.42.40:819][  0]LogWindows: WindowsPlatformFeatures enabled
[2020.04.25-23.42.40:831][  0]LogInit: Using OS detected language (ru-RU).
[2020.04.25-23.42.40:831][  0]LogInit: Using OS detected locale (ru-RU).
[2020.04.25-23.42.40:832][  0]LogTextLocalizationManager: No specific localization for 'ru-RU' exists, so the 'ru' localization will be used.
[2020.04.25-23.42.40:832][  0]LogTextLocalizationResource: LocRes '../../../Engine/Content/Localization/Editor/ru/Editor.locres' could not be opened for reading!
[2020.04.25-23.42.40:832][  0]LogTextLocalizationResource: LocRes '../../../Engine/Content/Localization/EditorTutorials/ru/EditorTutorials.locres' could not be opened for reading!
[2020.04.25-23.42.40:832][  0]LogTextLocalizationResource: LocRes '../../../Engine/Content/Localization/Keywords/ru/Keywords.locres' could not be opened for reading!
[2020.04.25-23.42.40:832][  0]LogTextLocalizationResource: LocRes '../../../Engine/Content/Localization/Category/ru/Category.locres' could not be opened for reading!
[2020.04.25-23.42.40:832][  0]LogTextLocalizationResource: LocRes '../../../Engine/Content/Localization/ToolTips/ru/ToolTips.locres' could not be opened for reading!
[2020.04.25-23.42.40:832][  0]LogTextLocalizationResource: LocRes '../../../Engine/Content/Localization/PropertyNames/ru/PropertyNames.locres' could not be opened for reading!
[2020.04.25-23.42.40:832][  0]LogTextLocalizationResource: LocRes '../../../Engine/Content/Localization/Engine/ru/Engine.locres' could not be opened for reading!
[2020.04.25-23.42.40:833][  0]LogInit: Setting process to per monitor DPI aware
[2020.04.25-23.42.40:910][  0]LogSlate: New Slate User Created.  User Index 0, Is Virtual User: 0
[2020.04.25-23.42.40:910][  0]LogSlate: Slate User Registered.  User Index 0, Is Virtual User: 0
[2020.04.25-23.42.41:010][  0]LogHMD: Failed to initialize OpenVR with code 110
[2020.04.25-23.42.41:010][  0]LogD3D11RHI: D3D11 min allowed feature level: 11_0
[2020.04.25-23.42.41:010][  0]LogD3D11RHI: D3D11 max allowed feature level: 11_0
[2020.04.25-23.42.41:010][  0]LogD3D11RHI: D3D11 adapters:
[2020.04.25-23.42.41:047][  0]LogD3D11RHI:    0. 'NVIDIA GeForce GTX 1050 Ti' (Feature Level 11_0)
[2020.04.25-23.42.41:047][  0]LogD3D11RHI:       3966/0/8146 MB DedicatedVideo/DedicatedSystem/SharedSystem, Outputs:2, VendorId:0x10de
[2020.04.25-23.42.41:052][  0]LogD3D11RHI:    1. 'Intel(R) HD Graphics 4600' (Feature Level 11_0)
[2020.04.25-23.42.41:052][  0]LogD3D11RHI:       128/0/1792 MB DedicatedVideo/DedicatedSystem/SharedSystem, Outputs:0, VendorId:0x8086
[2020.04.25-23.42.41:052][  0]LogD3D11RHI:    2. 'Microsoft Basic Render Driver' (Feature Level 11_0)
[2020.04.25-23.42.41:053][  0]LogD3D11RHI:       0/0/256 MB DedicatedVideo/DedicatedSystem/SharedSystem, Outputs:0, VendorId:0x1414
[2020.04.25-23.42.41:053][  0]LogD3D11RHI: Chosen D3D11 Adapter: 0
[2020.04.25-23.42.41:056][  0]LogD3D11RHI: Creating new Direct3DDevice
[2020.04.25-23.42.41:056][  0]LogD3D11RHI:     GPU DeviceId: 0x1c82 (for the marketing name, search the web for "GPU Device Id")
[2020.04.25-23.42.41:056][  0]LogWindows: EnumDisplayDevices:
[2020.04.25-23.42.41:056][  0]LogWindows:    0. 'NVIDIA GeForce GTX 1050 Ti' (P:1 D:1)
[2020.04.25-23.42.41:056][  0]LogWindows:    1. 'NVIDIA GeForce GTX 1050 Ti' (P:0 D:1)
[2020.04.25-23.42.41:056][  0]LogWindows:    2. 'NVIDIA GeForce GTX 1050 Ti' (P:0 D:0)
[2020.04.25-23.42.41:056][  0]LogWindows:    3. 'NVIDIA GeForce GTX 1050 Ti' (P:0 D:0)
[2020.04.25-23.42.41:056][  0]LogWindows:    4. 'Intel(R) HD Graphics 4600' (P:0 D:0)
[2020.04.25-23.42.41:056][  0]LogWindows:    5. 'Intel(R) HD Graphics 4600' (P:0 D:0)
[2020.04.25-23.42.41:057][  0]LogWindows:    6. 'Intel(R) HD Graphics 4600' (P:0 D:0)
[2020.04.25-23.42.41:057][  0]LogWindows: DebugString: PrimaryIsNotTheChoosenAdapter PrimaryIsNotTheChoosenAdapter PrimaryIsNotTheChoosenAdapter FoundDriverCount:4 
[2020.04.25-23.42.41:057][  0]LogD3D11RHI:     Adapter Name: NVIDIA GeForce GTX 1050 Ti
[2020.04.25-23.42.41:057][  0]LogD3D11RHI:   Driver Version: 445.75 (internal:26.21.14.4575, unified:445.75)
[2020.04.25-23.42.41:057][  0]LogD3D11RHI:      Driver Date: 3-17-2020
[2020.04.25-23.42.41:057][  0]LogRHI: Texture pool is 2776 MB (70% of 3966 MB)
[2020.04.25-23.42.41:075][  0]LogD3D11RHI: RHI has support for 64 bit atomics
[2020.04.25-23.42.41:075][  0]LogD3D11RHI: Async texture creation enabled
[2020.04.25-23.42.41:109][  0]LogD3D11RHI: GPU Timing Frequency: 1000.000000 (Debug: 2 2)
[2020.04.25-23.42.41:302][  0]LogTargetPlatformManager: Display: Loaded TargetPlatform 'AllDesktop'
[2020.04.25-23.42.41:330][  0]LogTargetPlatformManager: Display: Loaded TargetPlatform 'Android'
[2020.04.25-23.42.41:330][  0]LogTargetPlatformManager: Display: Loaded TargetPlatform 'Android_ASTC'
[2020.04.25-23.42.41:330][  0]LogTargetPlatformManager: Display: Loaded TargetPlatform 'Android_ATC'
[2020.04.25-23.42.41:330][  0]LogTargetPlatformManager: Display: Loaded TargetPlatform 'Android_DXT'
[2020.04.25-23.42.41:330][  0]LogTargetPlatformManager: Display: Loaded TargetPlatform 'Android_ETC1'
[2020.04.25-23.42.41:330][  0]LogTargetPlatformManager: Display: Loaded TargetPlatform 'Android_ETC1a'
[2020.04.25-23.42.41:330][  0]LogTargetPlatformManager: Display: Loaded TargetPlatform 'Android_ETC2'
[2020.04.25-23.42.41:330][  0]LogTargetPlatformManager: Display: Loaded TargetPlatform 'Android_PVRTC'
[2020.04.25-23.42.41:330][  0]LogTargetPlatformManager: Display: Loaded TargetPlatform 'AndroidClient'
[2020.04.25-23.42.41:330][  0]LogTargetPlatformManager: Display: Loaded TargetPlatform 'Android_ASTCClient'
[2020.04.25-23.42.41:331][  0]LogTargetPlatformManager: Display: Loaded TargetPlatform 'Android_ATCClient'
[2020.04.25-23.42.41:331][  0]LogTargetPlatformManager: Display: Loaded TargetPlatform 'Android_DXTClient'
[2020.04.25-23.42.41:331][  0]LogTargetPlatformManager: Display: Loaded TargetPlatform 'Android_ETC1Client'
[2020.04.25-23.42.41:331][  0]LogTargetPlatformManager: Display: Loaded TargetPlatform 'Android_ETC1aClient'
[2020.04.25-23.42.41:331][  0]LogTargetPlatformManager: Display: Loaded TargetPlatform 'Android_ETC2Client'
[2020.04.25-23.42.41:331][  0]LogTargetPlatformManager: Display: Loaded TargetPlatform 'Android_PVRTCClient'
[2020.04.25-23.42.41:331][  0]LogTargetPlatformManager: Display: Loaded TargetPlatform 'Android_Multi'
[2020.04.25-23.42.41:331][  0]LogTargetPlatformManager: Display: Loaded TargetPlatform 'Android_MultiClient'
[2020.04.25-23.42.41:345][  0]LogTargetPlatformManager: Display: Loaded TargetPlatform 'IOSClient'
[2020.04.25-23.42.41:345][  0]LogTargetPlatformManager: Display: Loaded TargetPlatform 'IOS'
[2020.04.25-23.42.41:351][  0]LogTargetPlatformManager: Display: Loaded TargetPlatform 'LinuxNoEditor'
[2020.04.25-23.42.41:357][  0]LogTargetPlatformManager: Display: Loaded TargetPlatform 'LinuxClient'
[2020.04.25-23.42.41:363][  0]LogTargetPlatformManager: Display: Loaded TargetPlatform 'LinuxServer'
[2020.04.25-23.42.41:368][  0]LogTargetPlatformManager: Display: Loaded TargetPlatform 'LinuxAArch64NoEditor'
[2020.04.25-23.42.41:374][  0]LogTargetPlatformManager: Display: Loaded TargetPlatform 'LinuxAArch64Client'
[2020.04.25-23.42.41:379][  0]LogTargetPlatformManager: Display: Loaded TargetPlatform 'LinuxAArch64Server'
[2020.04.25-23.42.41:399][  0]LogTargetPlatformManager: Display: Loaded TargetPlatform 'Lumin'
[2020.04.25-23.42.41:399][  0]LogTargetPlatformManager: Display: Loaded TargetPlatform 'LuminClient'
[2020.04.25-23.42.41:410][  0]LogTargetPlatformManager: Display: Loaded TargetPlatform 'TVOSClient'
[2020.04.25-23.42.41:410][  0]LogTargetPlatformManager: Display: Loaded TargetPlatform 'TVOS'
[2020.04.25-23.42.41:415][  0]LogTargetPlatformManager: Display: Loaded TargetPlatform 'WindowsNoEditor'
[2020.04.25-23.42.41:421][  0]LogTargetPlatformManager: Display: Loaded TargetPlatform 'Windows'
[2020.04.25-23.42.41:427][  0]LogTargetPlatformManager: Display: Loaded TargetPlatform 'WindowsClient'
[2020.04.25-23.42.41:432][  0]LogTargetPlatformManager: Display: Loaded TargetPlatform 'WindowsServer'
[2020.04.25-23.42.41:432][  0]LogTargetPlatformManager: Display: Building Assets For Windows
[2020.04.25-23.42.41:434][  0]LogAudioDebug: Display: Lib vorbis DLL was dynamically loaded.
[2020.04.25-23.42.41:447][  0]LogShaderCompilers: Guid format shader working directory is 10 characters bigger than the processId version (../../../../UE_Projects/ProjOfLocations/Intermediate/Shaders/WorkingDirectory/10420/).
[2020.04.25-23.42.41:448][  0]LogShaderCompilers: Cleaned the shader compiler working directory 'C:/Users/boo6i_000/AppData/Local/Temp/UnrealShaderWorkingDir/26EC898F400CBAD3B770828A85BECF1A/'.
[2020.04.25-23.42.41:448][  0]LogXGEController: Cannot use XGE Controller as Incredibuild is not installed on this machine.
[2020.04.25-23.42.41:448][  0]LogShaderCompilers: Cannot use XGE Shader Compiler as Incredibuild is not installed on this machine.
[2020.04.25-23.42.41:448][  0]LogShaderCompilers: Display: Using Local Shader Compiler.
[2020.04.25-23.42.42:089][  0]LogDerivedDataCache: Display: Max Cache Size: 512 MB
[2020.04.25-23.42.42:153][  0]LogDerivedDataCache: Loaded boot cache 0.06s 78MB C:/Users/boo6i_000/AppData/Local/UnrealEngine/4.24/DerivedDataCache/Boot.ddc.
[2020.04.25-23.42.42:153][  0]LogDerivedDataCache: Display: Loaded Boot cache: C:/Users/boo6i_000/AppData/Local/UnrealEngine/4.24/DerivedDataCache/Boot.ddc
[2020.04.25-23.42.42:153][  0]LogDerivedDataCache: FDerivedDataBackendGraph:  Pak pak cache file ../../../../UE_Projects/ProjOfLocations/DerivedDataCache/DDC.ddp not found, will not use a pak cache.
[2020.04.25-23.42.42:153][  0]LogDerivedDataCache: Unable to find inner node Pak for hierarchical cache Hierarchy.
[2020.04.25-23.42.42:153][  0]LogDerivedDataCache: FDerivedDataBackendGraph:  CompressedPak pak cache file ../../../../UE_Projects/ProjOfLocations/DerivedDataCache/Compressed.ddp not found, will not use a pak cache.
[2020.04.25-23.42.42:153][  0]LogDerivedDataCache: Unable to find inner node CompressedPak for hierarchical cache Hierarchy.
[2020.04.25-23.42.42:162][  0]LogDerivedDataCache: Display: Pak cache opened for reading ../../../Engine/DerivedDataCache/Compressed.ddp.
[2020.04.25-23.42.42:163][  0]LogDerivedDataCache: FDerivedDataBackendGraph:  EnterprisePak pak cache file ../../../Enterprise/DerivedDataCache/Compressed.ddp not found, will not use a pak cache.
[2020.04.25-23.42.42:163][  0]LogDerivedDataCache: Unable to find inner node EnterprisePak for hierarchical cache Hierarchy.
[2020.04.25-23.42.42:163][  0]LogDerivedDataCache: Using Local data cache path C:/Users/boo6i_000/AppData/Local/UnrealEngine/Common/DerivedDataCache: Writable
[2020.04.25-23.42.42:163][  0]LogDerivedDataCache: Shared data cache path not found in *engine.ini, will not use an Shared cache.
[2020.04.25-23.42.42:163][  0]LogDerivedDataCache: Unable to find inner node Shared for hierarchical cache Hierarchy.
[2020.04.25-23.42.42:186][  0]LogMaterial: Verifying Global Shaders for PCD3D_SM5
[2020.04.25-23.42.42:188][  0]LogSlate: Using FreeType 2.10.0
[2020.04.25-23.42.42:189][  0]LogSlate: SlateFontServices - WITH_FREETYPE: 1, WITH_HARFBUZZ: 1
[2020.04.25-23.42.42:231][  0]LogAssetRegistry: FAssetRegistry took 0.0020 seconds to start up
[2020.04.25-23.42.42:482][  0]LogInit: Selected Device Profile: [Windows]
[2020.04.25-23.42.42:615][  0]LogMeshReduction: Using QuadricMeshReduction for automatic static mesh reduction
[2020.04.25-23.42.42:615][  0]LogMeshReduction: Using SimplygonMeshReduction for automatic skeletal mesh reduction
[2020.04.25-23.42.42:615][  0]LogMeshReduction: Using ProxyLODMeshReduction for automatic mesh merging
[2020.04.25-23.42.42:615][  0]LogMeshReduction: No distributed automatic mesh merging module available
[2020.04.25-23.42.42:615][  0]LogMeshMerging: No distributed automatic mesh merging module available
[2020.04.25-23.42.42:628][  0]LogNetVersion: ProjOfLocations 1.0.0, NetCL: 10570792, EngineNetVer: 13, GameNetVer: 0 (Checksum: 1624181830)
[2020.04.25-23.42.43:460][  0]LogPackageLocalizationCache: Processed 10 localized package path(s) for 1 prioritized culture(s) in 0.034273 seconds
[2020.04.25-23.42.43:467][  0]LogUObjectArray: 46750 objects as part of root set at end of initial load.
[2020.04.25-23.42.43:467][  0]LogUObjectAllocator: 8137160 out of 0 bytes used by permanent object pool.
[2020.04.25-23.42.43:467][  0]LogUObjectArray: CloseDisregardForGC: 0/0 objects in disregard for GC pool
[2020.04.25-23.42.43:789][  0]LogTcpMessaging: Initializing TcpMessaging bridge
[2020.04.25-23.42.43:791][  0]LogUdpMessaging: Initializing bridge on interface 0.0.0.0:0 to multicast group 230.0.0.1:6666.
[2020.04.25-23.42.43:830][  0]SourceControl: Source control is disabled
[2020.04.25-23.42.43:830][  0]SourceControl: Source control is disabled
[2020.04.25-23.42.43:832][  0]SourceControl: Source control is disabled
[2020.04.25-23.42.43:832][  0]SourceControl: Source control is disabled
[2020.04.25-23.42.43:833][  0]SourceControl: Source control is disabled
[2020.04.25-23.42.43:889][  0]LogAndroidPermission: UAndroidPermissionCallbackProxy::GetInstance
[2020.04.25-23.42.43:898][  0]LogAudioCaptureCore: Display: No Audio Capture implementations found. Audio input will be silent.
[2020.04.25-23.42.43:898][  0]LogAudioCaptureCore: Display: No Audio Capture implementations found. Audio input will be silent.
[2020.04.25-23.42.43:968][  0]LogOcInput: OculusInput pre-init called
[2020.04.25-23.42.43:972][  0]LogWindows: Failed to load 'OVRPlugin.dll' (GetLastError=126)
[2020.04.25-23.42.43:973][  0]LogWindows: File 'OVRPlugin.dll' does not exist
[2020.04.25-23.42.44:030][  0]LogEngine: Initializing Engine...
[2020.04.25-23.42.44:031][  0]LogHMD: Failed to initialize OpenVR with code 110
[2020.04.25-23.42.44:031][  0]LogStats: UGameplayTagsManager::InitializeManager -  0.000 s
[2020.04.25-23.42.44:341][  0]LogInit: Initializing FReadOnlyCVARCache
[2020.04.25-23.42.44:347][  0]LogAIModule: Creating AISystem for world Untitled
[2020.04.25-23.42.44:363][  0]LogAudioMixer: Display: Audio Mixer Platform Settings:
[2020.04.25-23.42.44:363][  0]LogAudioMixer: Display: 	Sample Rate:						  48000
[2020.04.25-23.42.44:363][  0]LogAudioMixer: Display: 	Callback Buffer Frame Size Requested: 1024
[2020.04.25-23.42.44:363][  0]LogAudioMixer: Display: 	Callback Buffer Frame Size To Use:	  1024
[2020.04.25-23.42.44:363][  0]LogAudioMixer: Display: 	Number of buffers to queue:			  2
[2020.04.25-23.42.44:363][  0]LogAudioMixer: Display: 	Max Channels (voices):				  32
[2020.04.25-23.42.44:363][  0]LogAudioMixer: Display: 	Number of Async Source Workers:		  0
[2020.04.25-23.42.44:363][  0]LogAudio: Display: AudioDevice MaxSources: 32
[2020.04.25-23.42.44:364][  0]LogAudio: Display: Using built-in audio occlusion.
[2020.04.25-23.42.44:364][  0]LogAudioMixer: Display: Initializing audio mixer.
[2020.04.25-23.42.44:374][  0]LogAudioMixer: Display: Audio Device Output Speaker Info:
[2020.04.25-23.42.44:374][  0]LogAudioMixer: Display: Name: Динамики (Realtek High Definition Audio)
[2020.04.25-23.42.44:374][  0]LogAudioMixer: Display: Is Default: Yes
[2020.04.25-23.42.44:374][  0]LogAudioMixer: Display: Sample Rate: 48000
[2020.04.25-23.42.44:374][  0]LogAudioMixer: Display: Channel Count Used: 2
[2020.04.25-23.42.44:374][  0]LogAudioMixer: Display: Device Channel Count: 2
[2020.04.25-23.42.44:374][  0]LogAudioMixer: Display: Channel Order:
[2020.04.25-23.42.44:374][  0]LogAudioMixer: Display: 0: FrontLeft
[2020.04.25-23.42.44:374][  0]LogAudioMixer: Display: 1: FrontRight
[2020.04.25-23.42.44:381][  0]LogAudioMixer: Display: Using Audio Device Динамики (Realtek High Definition Audio)
[2020.04.25-23.42.44:389][  0]LogInit: FAudioDevice initialized.
[2020.04.25-23.42.44:389][  0]LogNetVersion: Set ProjectVersion to 1.0.0.0. Version Checksum will be recalculated on next use.
[2020.04.25-23.42.44:531][  0]LogDerivedDataCache: Saved boot cache 0.14s 78MB C:/Users/boo6i_000/AppData/Local/UnrealEngine/4.24/DerivedDataCache/Boot.ddc.
[2020.04.25-23.42.44:535][  0]LogInit: Texture streaming: Enabled
[2020.04.25-23.42.44:542][  0]LogEngineSessionManager: EngineSessionManager initialized
[2020.04.25-23.42.44:542][  0]LogEditorSessionSummary: Verbose: Initializing EditorSessionSummaryWriter for editor session tracking
[2020.04.25-23.42.44:542][  0]LogEditorSessionSummary: EditorSessionSummaryWriter initialized
[2020.04.25-23.42.44:586][  0]LogInit: Transaction tracking system initialized
[2020.04.25-23.42.44:594][  0]BlueprintLog: New page: Editor Load
[2020.04.25-23.42.44:614][  0]LocalizationService: Localization service is disabled
[2020.04.25-23.42.44:825][  0]LogFileCache: Scanning file cache for directory 'C:/D/UE_Projects/ProjOfLocations/Content/' took 0.00s
[2020.04.25-23.42.44:825][  0]LogCook: Display: Max memory allowance for cook 16384mb min free memory 0mb
[2020.04.25-23.42.44:825][  0]LogCook: Display: Mobile HDR setting 1
[2020.04.25-23.42.45:326][  0]SourceControl: Source control is disabled
[2020.04.25-23.42.45:326][  0]Cmd: MAP LOAD FILE="../../../../UE_Projects/ProjOfLocations/Content/FirstPersonBP/Maps/FirstPersonExampleMap.umap" TEMPLATE=0 SHOWPROGRESS=1 FEATURELEVEL=3
[2020.04.25-23.42.45:326][  0]LightingResults: New page: Lighting Build
[2020.04.25-23.42.45:327][  0]LogWorld: UWorld::CleanupWorld for Untitled, bSessionEnded=true, bCleanupResources=true
[2020.04.25-23.42.45:327][  0]LogSlate: InvalidateAllWidgets triggered.  All widgets were invalidated
[2020.04.25-23.42.45:327][  0]MapCheck: New page: Map Check
[2020.04.25-23.42.45:327][  0]LightingResults: New page: Lighting Build
[2020.04.25-23.42.45:347][  0]LogUObjectHash: Compacting FUObjectHashTables data took   1.64ms
[2020.04.25-23.42.45:587][  0]LogAIModule: Creating AISystem for world FirstPersonExampleMap
[2020.04.25-23.42.45:602][  0]LogEditorServer: Finished looking for orphan Actors (0.000 secs)
[2020.04.25-23.42.45:625][  0]LogUObjectHash: Compacting FUObjectHashTables data took   2.15ms
[2020.04.25-23.42.45:625][  0]Cmd: MAP CHECKDEP NOCLEARLOG
[2020.04.25-23.42.45:626][  0]MapCheck: Map check complete: 0 Error(s), 0 Warning(s), took 0,12ms to complete.
[2020.04.25-23.42.45:626][  0]LogFileHelpers: Loading map 'FirstPersonExampleMap' took 0.300
[2020.04.25-23.42.45:712][  0]LogWindowsTextInputMethodSystem: Display: IME system now deactivated.
[2020.04.25-23.42.45:780][  0]LogSlate: Updating window title bar state: overlay mode, drag disabled, window buttons hidden, title bar hidden
[2020.04.25-23.42.45:786][  0]LogSlate: Updating window title bar state: overlay mode, drag disabled, window buttons hidden, title bar hidden
[2020.04.25-23.42.45:792][  0]LogSlate: Updating window title bar state: overlay mode, drag disabled, window buttons hidden, title bar hidden
[2020.04.25-23.42.45:801][  0]LogSlate: Updating window title bar state: overlay mode, drag disabled, window buttons hidden, title bar hidden
[2020.04.25-23.42.45:804][  0]LogCollectionManager: Loaded 0 collections in 0.001107 seconds
[2020.04.25-23.42.45:815][  0]LogFileCache: Scanning file cache for directory 'C:/D/UE_Projects/ProjOfLocations/Saved/Collections/' took 0.00s
[2020.04.25-23.42.45:815][  0]LogFileCache: Scanning file cache for directory 'C:/D/UE_Projects/ProjOfLocations/Content/Developers/boo6i000/Collections/' took 0.00s
[2020.04.25-23.42.45:815][  0]LogFileCache: Scanning file cache for directory 'C:/D/UE_Projects/ProjOfLocations/Content/Collections/' took 0.00s
[2020.04.25-23.42.45:815][  0]LogContentBrowser: Native class hierarchy populated in 0.0074 seconds. Added 3015 classes and 717 folders.
[2020.04.25-23.42.45:818][  0]LogContentBrowser: Native class hierarchy updated for 'WidgetCarousel' in 0.0002 seconds. Added 0 classes and 0 folders.
[2020.04.25-23.42.45:850][  0]LogContentBrowser: Native class hierarchy updated for 'AddContentDialog' in 0.0002 seconds. Added 0 classes and 0 folders.
[2020.04.25-23.42.45:852][  0]LogContentBrowser: Native class hierarchy updated for 'SceneOutliner' in 0.0002 seconds. Added 2 classes and 3 folders.
[2020.04.25-23.42.45:881][  0]LogSlate: Took 0.000135 seconds to synchronously load lazily loaded font '../../../Engine/Content/Slate/Fonts/Roboto-Regular.ttf' (155K)
[2020.04.25-23.42.45:884][  0]LogSlate: Took 0.000123 seconds to synchronously load lazily loaded font '../../../Engine/Content/Slate/Fonts/Roboto-Bold.ttf' (160K)
[2020.04.25-23.42.45:885][  0]LogSlate: Took 0.000122 seconds to synchronously load lazily loaded font '../../../Engine/Content/Editor/Slate/Fonts/FontAwesome.ttf' (139K)
[2020.04.25-23.42.45:943][  0]LogRenderer: Reallocating scene render targets to support 1356x1044 Format 10 NumSamples 1 (Frame:1).
[2020.04.25-23.42.46:037][  0]LogContentBrowser: Native class hierarchy updated for 'HierarchicalLODOutliner' in 0.0002 seconds. Added 0 classes and 0 folders.
[2020.04.25-23.42.46:037][  0]LogLoad: (Engine Initialization) Total time: 5.96 seconds
[2020.04.25-23.42.46:037][  0]LogLoad: (Engine Initialization) Total Blueprint compile time: 0.00 seconds
[2020.04.25-23.42.46:073][  0]LogAssetRegistry: Asset discovery search completed in 3.8422 seconds
[2020.04.25-23.42.46:076][  0]LogCollectionManager: Fixed up redirectors for 0 collections in 0.000008 seconds (updated 0 objects)
[2020.04.25-23.42.46:077][  0]LogContentStreaming: Texture pool size now 1000 MB
[2020.04.25-23.42.49:688][271]LogSlate: Took 0.000136 seconds to synchronously load lazily loaded font '../../../Engine/Content/Slate/Fonts/Roboto-Light.ttf' (167K)
[2020.04.25-23.42.49:719][271]LogAssetEditorSubsystem: Opening Asset editor for Blueprint /Game/BP_Blocks/BP_UsualBlock.BP_UsualBlock
[2020.04.25-23.42.49:911][271]LogContentBrowser: Native class hierarchy updated for 'BlueprintGraph' in 0.0004 seconds. Added 121 classes and 0 folders.
[2020.04.25-23.42.50:679][271]LogSlate: Took 0.000205 seconds to synchronously load lazily loaded font '../../../Engine/Content/Slate/Fonts/Roboto-BoldCondensed.ttf' (158K)
[2020.04.25-23.42.50:756][272]LogSlate: Took 0.000186 seconds to synchronously load lazily loaded font '../../../Engine/Content/Slate/Fonts/Roboto-Italic.ttf' (157K)
[2020.04.25-23.42.59:804][230]BlueprintLog: New page: Compile BP_UsualBlock
[2020.04.25-23.43.00:006][230]LogUObjectHash: Compacting FUObjectHashTables data took   3.68ms
[2020.04.25-23.43.07:400][998]LogSlate: Window 'BP_UsualBlock' being destroyed
[2020.04.25-23.43.25:229][869]LogTemp: Repeating last play command: Selected Viewport
[2020.04.25-23.43.25:243][869]LogBlueprintUserMessages: Early PlayInEditor Detection: Level '/Game/FirstPersonBP/Maps/FirstPersonExampleMap.FirstPersonExampleMap:PersistentLevel' has LevelScriptBlueprint '/Game/FirstPersonBP/Maps/FirstPersonExampleMap.FirstPersonExampleMap:PersistentLevel.FirstPersonExampleMap' with GeneratedClass '/Game/FirstPersonBP/Maps/FirstPersonExampleMap.FirstPersonExampleMap_C' with ClassGeneratedBy '/Game/FirstPersonBP/Maps/FirstPersonExampleMap.FirstPersonExampleMap:PersistentLevel.FirstPersonExampleMap'
[2020.04.25-23.43.25:244][869]LogPlayLevel: PlayLevel: No blueprints needed recompiling
[2020.04.25-23.43.25:244][869]PIE: New page: PIE session: FirstPersonExampleMap (26 апр. 2020 г., 05:43:25)
[2020.04.25-23.43.25:245][869]LogOnline: OSS: Creating online subsystem instance for: NULL
[2020.04.25-23.43.25:246][869]LogOnline: OSS: TryLoadSubsystemAndSetDefault: Loaded subsystem for module [NULL]
[2020.04.25-23.43.25:246][869]LogPlayLevel: Creating play world package: /Game/FirstPersonBP/Maps/UEDPIE_0_FirstPersonExampleMap
[2020.04.25-23.43.25:259][869]LogPlayLevel: PIE: StaticDuplicateObject took: (0.012779s)
[2020.04.25-23.43.25:260][869]LogAIModule: Creating AISystem for world FirstPersonExampleMap
[2020.04.25-23.43.25:260][869]LogPlayLevel: PIE: World Init took: (0.001604s)
[2020.04.25-23.43.25:260][869]LogPlayLevel: PIE: Created PIE world by copying editor world from /Game/FirstPersonBP/Maps/FirstPersonExampleMap.FirstPersonExampleMap to /Game/FirstPersonBP/Maps/UEDPIE_0_FirstPersonExampleMap.FirstPersonExampleMap (0.014753s)
[2020.04.25-23.43.25:294][869]LogUObjectHash: Compacting FUObjectHashTables data took   2.95ms
[2020.04.25-23.43.25:296][869]LogAudioMixer: Display: Audio Mixer Platform Settings:
[2020.04.25-23.43.25:297][869]LogAudioMixer: Display: 	Sample Rate:						  48000
[2020.04.25-23.43.25:297][869]LogAudioMixer: Display: 	Callback Buffer Frame Size Requested: 1024
[2020.04.25-23.43.25:297][869]LogAudioMixer: Display: 	Callback Buffer Frame Size To Use:	  1024
[2020.04.25-23.43.25:297][869]LogAudioMixer: Display: 	Number of buffers to queue:			  2
[2020.04.25-23.43.25:297][869]LogAudioMixer: Display: 	Max Channels (voices):				  32
[2020.04.25-23.43.25:297][869]LogAudioMixer: Display: 	Number of Async Source Workers:		  0
[2020.04.25-23.43.25:297][869]LogAudio: Display: AudioDevice MaxSources: 32
[2020.04.25-23.43.25:297][869]LogAudio: Display: Using built-in audio occlusion.
[2020.04.25-23.43.25:297][869]LogAudioMixer: Display: Initializing audio mixer.
[2020.04.25-23.43.25:303][869]LogAudioMixer: Display: Audio Device Output Speaker Info:
[2020.04.25-23.43.25:303][869]LogAudioMixer: Display: Name: Динамики (Realtek High Definition Audio)
[2020.04.25-23.43.25:303][869]LogAudioMixer: Display: Is Default: Yes
[2020.04.25-23.43.25:303][869]LogAudioMixer: Display: Sample Rate: 48000
[2020.04.25-23.43.25:303][869]LogAudioMixer: Display: Channel Count Used: 2
[2020.04.25-23.43.25:303][869]LogAudioMixer: Display: Device Channel Count: 2
[2020.04.25-23.43.25:303][869]LogAudioMixer: Display: Channel Order:
[2020.04.25-23.43.25:303][869]LogAudioMixer: Display: 0: FrontLeft
[2020.04.25-23.43.25:303][869]LogAudioMixer: Display: 1: FrontRight
[2020.04.25-23.43.25:310][869]LogAudioMixer: Display: Using Audio Device Динамики (Realtek High Definition Audio)
[2020.04.25-23.43.25:311][869]LogInit: FAudioDevice initialized.
[2020.04.25-23.43.25:318][869]LogLoad: Game class is 'FirstPersonGameMode_C'
[2020.04.25-23.43.25:320][869]LogWorld: Bringing World /Game/FirstPersonBP/Maps/UEDPIE_0_FirstPersonExampleMap.FirstPersonExampleMap up for play (max tick rate 0) at 2020.04.26-02.43.25
[2020.04.25-23.43.25:320][869]LogWorld: Bringing up level for play took: 0.000898
[2020.04.25-23.43.25:320][869]LogOnline: OSS: Creating online subsystem instance for: :Context_8
[2020.04.25-23.43.25:322][869]LogContentBrowser: Native class hierarchy updated for 'MovieSceneCapture' in 0.0003 seconds. Added 20 classes and 0 folders.
[2020.04.25-23.43.26:647][869]PIE: Play in editor start time for /Game/FirstPersonBP/Maps/UEDPIE_0_FirstPersonExampleMap 1,751
[2020.04.25-23.43.26:647][869]LogBlueprintUserMessages: Late PlayInEditor Detection: Level '/Game/FirstPersonBP/Maps/FirstPersonExampleMap.FirstPersonExampleMap:PersistentLevel' has LevelScriptBlueprint '/Game/FirstPersonBP/Maps/FirstPersonExampleMap.FirstPersonExampleMap:PersistentLevel.FirstPersonExampleMap' with GeneratedClass '/Game/FirstPersonBP/Maps/FirstPersonExampleMap.FirstPersonExampleMap_C' with ClassGeneratedBy '/Game/FirstPersonBP/Maps/FirstPersonExampleMap.FirstPersonExampleMap:PersistentLevel.FirstPersonExampleMap'
[2020.04.25-23.43.30:019][ 96]LogAudioMixer: Display: No commands were queued while flushing the source manager.
[2020.04.25-23.43.30:019][ 96]LogAudioMixer: Display: No commands were queued while flushing the source manager.
[2020.04.25-23.43.30:019][ 96]LogBlueprintUserMessages: Early EndPlayMap Detection: Level '/Game/FirstPersonBP/Maps/FirstPersonExampleMap.FirstPersonExampleMap:PersistentLevel' has LevelScriptBlueprint '/Game/FirstPersonBP/Maps/FirstPersonExampleMap.FirstPersonExampleMap:PersistentLevel.FirstPersonExampleMap' with GeneratedClass '/Game/FirstPersonBP/Maps/FirstPersonExampleMap.FirstPersonExampleMap_C' with ClassGeneratedBy '/Game/FirstPersonBP/Maps/FirstPersonExampleMap.FirstPersonExampleMap:PersistentLevel.FirstPersonExampleMap'
[2020.04.25-23.43.30:019][ 96]LogSlate: Updating window title bar state: overlay mode, drag disabled, window buttons hidden, title bar hidden
[2020.04.25-23.43.30:019][ 96]LogWorld: BeginTearingDown for /Game/FirstPersonBP/Maps/UEDPIE_0_FirstPersonExampleMap
[2020.04.25-23.43.30:019][ 96]LogAudioMixer: Display: No commands were queued while flushing the source manager.
[2020.04.25-23.43.30:020][ 96]LogWorld: UWorld::CleanupWorld for FirstPersonExampleMap, bSessionEnded=true, bCleanupResources=true
[2020.04.25-23.43.30:056][ 96]LogSlate: InvalidateAllWidgets triggered.  All widgets were invalidated
[2020.04.25-23.43.30:068][ 96]LogPlayLevel: Display: Shutting down PIE online subsystems
[2020.04.25-23.43.30:068][ 96]LogBlueprintUserMessages: Late EndPlayMap Detection: Level '/Game/FirstPersonBP/Maps/FirstPersonExampleMap.FirstPersonExampleMap:PersistentLevel' has LevelScriptBlueprint '/Game/FirstPersonBP/Maps/FirstPersonExampleMap.FirstPersonExampleMap:PersistentLevel.FirstPersonExampleMap' with GeneratedClass '/Game/FirstPersonBP/Maps/FirstPersonExampleMap.FirstPersonExampleMap_C' with ClassGeneratedBy '/Game/FirstPersonBP/Maps/FirstPersonExampleMap.FirstPersonExampleMap:PersistentLevel.FirstPersonExampleMap'
[2020.04.25-23.43.30:075][ 96]LogSlate: InvalidateAllWidgets triggered.  All widgets were invalidated
[2020.04.25-23.43.30:153][ 96]LogAudioMixer: Display: No commands were queued while flushing the source manager.
[2020.04.25-23.43.30:155][ 96]LogSlate: Updating window title bar state: overlay mode, drag disabled, window buttons hidden, title bar hidden
[2020.04.25-23.43.30:210][ 96]LogUObjectHash: Compacting FUObjectHashTables data took   4.49ms
[2020.04.25-23.43.30:277][ 97]LogPlayLevel: Display: Destroying online subsystem :Context_8
[2020.04.25-23.43.34:605][568]LogTemp: Repeating last play command: Selected Viewport
[2020.04.25-23.43.34:616][568]LogBlueprintUserMessages: Early PlayInEditor Detection: Level '/Game/FirstPersonBP/Maps/FirstPersonExampleMap.FirstPersonExampleMap:PersistentLevel' has LevelScriptBlueprint '/Game/FirstPersonBP/Maps/FirstPersonExampleMap.FirstPersonExampleMap:PersistentLevel.FirstPersonExampleMap' with GeneratedClass '/Game/FirstPersonBP/Maps/FirstPersonExampleMap.FirstPersonExampleMap_C' with ClassGeneratedBy '/Game/FirstPersonBP/Maps/FirstPersonExampleMap.FirstPersonExampleMap:PersistentLevel.FirstPersonExampleMap'
[2020.04.25-23.43.34:616][568]LogPlayLevel: PlayLevel: No blueprints needed recompiling
[2020.04.25-23.43.34:616][568]PIE: New page: PIE session: FirstPersonExampleMap (26 апр. 2020 г., 05:43:34)
[2020.04.25-23.43.34:617][568]LogPlayLevel: Creating play world package: /Game/FirstPersonBP/Maps/UEDPIE_0_FirstPersonExampleMap
[2020.04.25-23.43.34:629][568]LogPlayLevel: PIE: StaticDuplicateObject took: (0.012342s)
[2020.04.25-23.43.34:631][568]LogAIModule: Creating AISystem for world FirstPersonExampleMap
[2020.04.25-23.43.34:631][568]LogPlayLevel: PIE: World Init took: (0.002367s)
[2020.04.25-23.43.34:631][568]LogPlayLevel: PIE: Created PIE world by copying editor world from /Game/FirstPersonBP/Maps/FirstPersonExampleMap.FirstPersonExampleMap to /Game/FirstPersonBP/Maps/UEDPIE_0_FirstPersonExampleMap.FirstPersonExampleMap (0.014844s)
[2020.04.25-23.43.34:668][568]LogUObjectHash: Compacting FUObjectHashTables data took   3.17ms
[2020.04.25-23.43.34:670][568]LogAudioMixer: Display: Audio Mixer Platform Settings:
[2020.04.25-23.43.34:670][568]LogAudioMixer: Display: 	Sample Rate:						  48000
[2020.04.25-23.43.34:670][568]LogAudioMixer: Display: 	Callback Buffer Frame Size Requested: 1024
[2020.04.25-23.43.34:670][568]LogAudioMixer: Display: 	Callback Buffer Frame Size To Use:	  1024
[2020.04.25-23.43.34:670][568]LogAudioMixer: Display: 	Number of buffers to queue:			  2
[2020.04.25-23.43.34:670][568]LogAudioMixer: Display: 	Max Channels (voices):				  32
[2020.04.25-23.43.34:670][568]LogAudioMixer: Display: 	Number of Async Source Workers:		  0
[2020.04.25-23.43.34:670][568]LogAudio: Display: AudioDevice MaxSources: 32
[2020.04.25-23.43.34:670][568]LogAudio: Display: Using built-in audio occlusion.
[2020.04.25-23.43.34:670][568]LogAudioMixer: Display: Initializing audio mixer.
[2020.04.25-23.43.34:676][568]LogAudioMixer: Display: Audio Device Output Speaker Info:
[2020.04.25-23.43.34:676][568]LogAudioMixer: Display: Name: Динамики (Realtek High Definition Audio)
[2020.04.25-23.43.34:676][568]LogAudioMixer: Display: Is Default: Yes
[2020.04.25-23.43.34:676][568]LogAudioMixer: Display: Sample Rate: 48000
[2020.04.25-23.43.34:676][568]LogAudioMixer: Display: Channel Count Used: 2
[2020.04.25-23.43.34:676][568]LogAudioMixer: Display: Device Channel Count: 2
[2020.04.25-23.43.34:676][568]LogAudioMixer: Display: Channel Order:
[2020.04.25-23.43.34:676][568]LogAudioMixer: Display: 0: FrontLeft
[2020.04.25-23.43.34:676][568]LogAudioMixer: Display: 1: FrontRight
[2020.04.25-23.43.34:683][568]LogAudioMixer: Display: Using Audio Device Динамики (Realtek High Definition Audio)
[2020.04.25-23.43.34:684][568]LogInit: FAudioDevice initialized.
[2020.04.25-23.43.34:690][568]LogLoad: Game class is 'FirstPersonGameMode_C'
[2020.04.25-23.43.34:691][568]LogWorld: Bringing World /Game/FirstPersonBP/Maps/UEDPIE_0_FirstPersonExampleMap.FirstPersonExampleMap up for play (max tick rate 0) at 2020.04.26-02.43.34
[2020.04.25-23.43.34:691][568]LogWorld: Bringing up level for play took: 0.000908
[2020.04.25-23.43.34:691][568]LogOnline: OSS: Creating online subsystem instance for: :Context_9
[2020.04.25-23.43.35:960][568]PIE: Play in editor start time for /Game/FirstPersonBP/Maps/UEDPIE_0_FirstPersonExampleMap 1,064
[2020.04.25-23.43.35:960][568]LogBlueprintUserMessages: Late PlayInEditor Detection: Level '/Game/FirstPersonBP/Maps/FirstPersonExampleMap.FirstPersonExampleMap:PersistentLevel' has LevelScriptBlueprint '/Game/FirstPersonBP/Maps/FirstPersonExampleMap.FirstPersonExampleMap:PersistentLevel.FirstPersonExampleMap' with GeneratedClass '/Game/FirstPersonBP/Maps/FirstPersonExampleMap.FirstPersonExampleMap_C' with ClassGeneratedBy '/Game/FirstPersonBP/Maps/FirstPersonExampleMap.FirstPersonExampleMap:PersistentLevel.FirstPersonExampleMap'
[2020.04.25-23.43.59:352][411]LogAudioMixer: Display: No commands were queued while flushing the source manager.
[2020.04.25-23.43.59:352][411]LogAudioMixer: Display: No commands were queued while flushing the source manager.
[2020.04.25-23.43.59:352][411]LogBlueprintUserMessages: Early EndPlayMap Detection: Level '/Game/FirstPersonBP/Maps/FirstPersonExampleMap.FirstPersonExampleMap:PersistentLevel' has LevelScriptBlueprint '/Game/FirstPersonBP/Maps/FirstPersonExampleMap.FirstPersonExampleMap:PersistentLevel.FirstPersonExampleMap' with GeneratedClass '/Game/FirstPersonBP/Maps/FirstPersonExampleMap.FirstPersonExampleMap_C' with ClassGeneratedBy '/Game/FirstPersonBP/Maps/FirstPersonExampleMap.FirstPersonExampleMap:PersistentLevel.FirstPersonExampleMap'
[2020.04.25-23.43.59:352][411]LogSlate: Updating window title bar state: overlay mode, drag disabled, window buttons hidden, title bar hidden
[2020.04.25-23.43.59:352][411]LogWorld: BeginTearingDown for /Game/FirstPersonBP/Maps/UEDPIE_0_FirstPersonExampleMap
[2020.04.25-23.43.59:354][411]LogAudioMixer: Display: No commands were queued while flushing the source manager.
[2020.04.25-23.43.59:355][411]LogWorld: UWorld::CleanupWorld for FirstPersonExampleMap, bSessionEnded=true, bCleanupResources=true
[2020.04.25-23.43.59:390][411]LogSlate: InvalidateAllWidgets triggered.  All widgets were invalidated
[2020.04.25-23.43.59:401][411]LogPlayLevel: Display: Shutting down PIE online subsystems
[2020.04.25-23.43.59:402][411]LogBlueprintUserMessages: Late EndPlayMap Detection: Level '/Game/FirstPersonBP/Maps/FirstPersonExampleMap.FirstPersonExampleMap:PersistentLevel' has LevelScriptBlueprint '/Game/FirstPersonBP/Maps/FirstPersonExampleMap.FirstPersonExampleMap:PersistentLevel.FirstPersonExampleMap' with GeneratedClass '/Game/FirstPersonBP/Maps/FirstPersonExampleMap.FirstPersonExampleMap_C' with ClassGeneratedBy '/Game/FirstPersonBP/Maps/FirstPersonExampleMap.FirstPersonExampleMap:PersistentLevel.FirstPersonExampleMap'
[2020.04.25-23.43.59:410][411]LogSlate: InvalidateAllWidgets triggered.  All widgets were invalidated
[2020.04.25-23.43.59:441][411]LogAudioMixer: Display: No commands were queued while flushing the source manager.
[2020.04.25-23.43.59:444][411]LogSlate: Updating window title bar state: overlay mode, drag disabled, window buttons hidden, title bar hidden
[2020.04.25-23.43.59:525][411]LogUObjectHash: Compacting FUObjectHashTables data took   3.31ms
[2020.04.25-23.43.59:596][412]LogPlayLevel: Display: Destroying online subsystem :Context_9
[2020.04.25-23.44.17:157][363]BlueprintLog: New page: Compile BP_UsualBlock
[2020.04.25-23.44.18:647][363]LogUObjectHash: Compacting FUObjectHashTables data took   4.11ms
